This file contains any messages produced by compilers while
running configure, to aid debugging if configure makes a mistake.

It was created by LibRaw configure 0.19.5, which was
generated by GNU Autoconf 2.69.  Invocation command line was

  $ ./configure 

## --------- ##
## Platform. ##
## --------- ##

hostname = 2020-MP19WPFH
uname -m = x86_64
uname -r = 3.0.7-338.x86_64
uname -s = MINGW64_NT-10.0-17763
uname -v = 2019-07-03 15:16 UTC

/usr/bin/uname -p = unknown
/bin/uname -X     = unknown

/bin/arch              = x86_64
/usr/bin/arch -k       = unknown
/usr/convex/getsysinfo = unknown
/usr/bin/hostinfo      = unknown
/bin/machine           = unknown
/usr/bin/oslevel       = unknown
/bin/universe          = unknown

PATH: /c/Users/iann20/bin
PATH: /mingw64/bin
PATH: /usr/local/bin
PATH: /usr/bin
PATH: /bin
PATH: /mingw64/bin
PATH: /usr/bin
PATH: /c/Users/iann20/bin
PATH: path/to/ffmpeg/bin
PATH: /c/Program Files (x86)/Common Files/Oracle/Java/javapath
PATH: /c/Program Files (x86)/Intel/iCLS Client
PATH: /c/ProgramData/Oracle/Java/javapath
PATH: /c/Program Files/Intel/iCLS Client
PATH: /c/WINDOWS/system32
PATH: /c/WINDOWS
PATH: /c/WINDOWS/System32/Wbem
PATH: /c/WINDOWS/System32/WindowsPowerShell/v1.0
PATH: /c/Program Files (x86)/GtkSharp/2.12/bin
PATH: /c/WINDOWS/System32/OpenSSH
PATH: /c/Program Files/Python36/Scripts
PATH: /c/Program Files/Python36
PATH: /c/Program Files/Microsoft SQL Server/130/Tools/Binn
PATH: /c/Program Files (x86)/QuickTime/QTSystem
PATH: /c/Program Files/Intel/WiFi/bin
PATH: /c/Program Files/Common Files/Intel/WirelessCommon
PATH: /cmd
PATH: /c/Program Files (x86)/Intel/Intel(R) Management Engine Components/DAL
PATH: /c/Program Files/Intel/Intel(R) Management Engine Components/DAL
PATH: /c/Program Files (x86)/Intel/Intel(R) Management Engine Components/IPT
PATH: /c/Program Files/Intel/Intel(R) Management Engine Components/IPT
PATH: /c/Program Files/Intel/Intel(R) Manage
PATH: /c/Users/iann20/AppData/Local/Microsoft/WindowsApps
PATH: /c/Program
PATH: /c/Users/iann20/AppData/Local/Programs/Python/Python38-32/Scripts
PATH: /c/Users/iann20/AppData/Local/Programs/Python/Python38-32
PATH: /c/ProgramData/Oracle/Java/javapath
PATH: /c/Program Files (x86)/Intel/iCLS Client
PATH: /c/Program Files/Intel/iCLS Client
PATH: /c/WINDOWS/system32
PATH: /c/WINDOWS
PATH: /c/WINDOWS/System32/Wbem
PATH: /c/WINDOWS/System32/WindowsPowerShell/v1.0
PATH: /c/Program Files (x86)/Intel/Intel(R) Management Engine Components/DAL
PATH: /c/Program Files/Intel/Intel(R) Management Engine Components/DAL
PATH: /c/Program Files (x86)/Intel/Intel(R) Management Engine Components/IPT
PATH: /c/Program Files/Intel/Intel(R) Management Engine Components/IPT
PATH: /c/Program Files (x86)/GtkSharp/2.12/bin
PATH: /c/WINDOWS/System32/OpenSSH
PATH: /c/Program Files/Python36/Scripts
PATH: /c/Program Files/Python36
PATH: /c/Program Files/Intel/Intel(R) Manage
PATH: /c/Program Files/Intel/WiFi/bin
PATH: /c/Program Files/Common Files/Intel/WirelessCommon
PATH: /c/Users/iann20/AppData/Local/Microsoft/WindowsApps
PATH: /c/Program Files/balena-cli/bin
PATH: /c/Program Files/JetBrains/IntelliJ IDEA Community Edition 2019.2.1/bin
PATH: /c
PATH: /usr/bin/vendor_perl
PATH: /usr/bin/core_perl


## ----------- ##
## Core tests. ##
## ----------- ##

configure:2435: checking for a BSD-compatible install
configure:2503: result: /usr/bin/install -c
configure:2514: checking whether build environment is sane
configure:2569: result: yes
configure:2720: checking for a thread-safe mkdir -p
configure:2759: result: /usr/bin/mkdir -p
configure:2766: checking for gawk
configure:2782: found /usr/bin/gawk
configure:2793: result: gawk
configure:2804: checking whether make sets $(MAKE)
configure:2830: result: no
configure:2855: checking whether make supports nested variables
configure:2872: result: no
configure:3051: checking for g++
configure:3081: result: no
configure:3051: checking for c++
configure:3081: result: no
configure:3051: checking for gpp
configure:3081: result: no
configure:3051: checking for aCC
configure:3081: result: no
configure:3051: checking for CC
configure:3081: result: no
configure:3051: checking for cxx
configure:3081: result: no
configure:3051: checking for cc++
configure:3081: result: no
configure:3051: checking for cl.exe
configure:3081: result: no
configure:3051: checking for FCC
configure:3081: result: no
configure:3051: checking for KCC
configure:3081: result: no
configure:3051: checking for RCC
configure:3081: result: no
configure:3051: checking for xlC_r
configure:3081: result: no
configure:3051: checking for xlC
configure:3081: result: no
configure:3105: checking for C++ compiler version
configure:3114: g++ --version >&5
./configure: line 3116: g++: command not found
configure:3125: $? = 127
configure:3114: g++ -v >&5
./configure: line 3116: g++: command not found
configure:3125: $? = 127
configure:3114: g++ -V >&5
./configure: line 3116: g++: command not found
configure:3125: $? = 127
configure:3114: g++ -qversion >&5
./configure: line 3116: g++: command not found
configure:3125: $? = 127
configure:3145: checking whether the C++ compiler works
configure:3167: g++    conftest.cpp  >&5
./configure: line 3169: g++: command not found
configure:3171: $? = 127
configure:3209: result: no
configure: failed program was:
| /* confdefs.h */
| #define PACKAGE_NAME "LibRaw"
| #define PACKAGE_TARNAME "libraw"
| #define PACKAGE_VERSION "0.19.5"
| #define PACKAGE_STRING "LibRaw 0.19.5"
| #define PACKAGE_BUGREPORT "info@libraw.org"
| #define PACKAGE_URL "http://www.libraw.org"
| /* end confdefs.h.  */
| 
| int
| main ()
| {
| 
|   ;
|   return 0;
| }
configure:3214: error: in `/c/Users/iann20/Desktop/SeniorYear/CS5/RDS/LibRaw-0.19.5':
configure:3216: error: C++ compiler cannot create executables
See `config.log' for more details

## ---------------- ##
## Cache variables. ##
## ---------------- ##

ac_cv_env_CCC_set=
ac_cv_env_CCC_value=
ac_cv_env_CC_set=
ac_cv_env_CC_value=
ac_cv_env_CFLAGS_set=
ac_cv_env_CFLAGS_value=
ac_cv_env_CPPFLAGS_set=
ac_cv_env_CPPFLAGS_value=
ac_cv_env_CPP_set=
ac_cv_env_CPP_value=
ac_cv_env_CXXCPP_set=
ac_cv_env_CXXCPP_value=
ac_cv_env_CXXFLAGS_set=
ac_cv_env_CXXFLAGS_value=
ac_cv_env_CXX_set=
ac_cv_env_CXX_value=
ac_cv_env_LCMS2_CFLAGS_set=
ac_cv_env_LCMS2_CFLAGS_value=
ac_cv_env_LCMS2_LIBS_set=
ac_cv_env_LCMS2_LIBS_value=
ac_cv_env_LCMS_CFLAGS_set=
ac_cv_env_LCMS_CFLAGS_value=
ac_cv_env_LCMS_LIBS_set=
ac_cv_env_LCMS_LIBS_value=
ac_cv_env_LDFLAGS_set=
ac_cv_env_LDFLAGS_value=
ac_cv_env_LIBS_set=
ac_cv_env_LIBS_value=
ac_cv_env_LT_SYS_LIBRARY_PATH_set=
ac_cv_env_LT_SYS_LIBRARY_PATH_value=
ac_cv_env_PKG_CONFIG_LIBDIR_set=
ac_cv_env_PKG_CONFIG_LIBDIR_value=
ac_cv_env_PKG_CONFIG_PATH_set=set
ac_cv_env_PKG_CONFIG_PATH_value=/mingw64/lib/pkgconfig:/mingw64/share/pkgconfig
ac_cv_env_PKG_CONFIG_set=
ac_cv_env_PKG_CONFIG_value=
ac_cv_env_build_alias_set=
ac_cv_env_build_alias_value=
ac_cv_env_host_alias_set=
ac_cv_env_host_alias_value=
ac_cv_env_target_alias_set=
ac_cv_env_target_alias_value=
ac_cv_path_install='/usr/bin/install -c'
ac_cv_path_mkdir=/usr/bin/mkdir
ac_cv_prog_AWK=gawk
ac_cv_prog_make_make_set=no
am_cv_make_support_nested_variables=no

## ----------------- ##
## Output variables. ##
## ----------------- ##

ACLOCAL='${SHELL} /c/Users/iann20/Desktop/SeniorYear/CS5/RDS/LibRaw-0.19.5/missing aclocal-1.15'
AMDEPBACKSLASH=''
AMDEP_FALSE=''
AMDEP_TRUE=''
AMTAR='$${TAR-tar}'
AM_BACKSLASH='\'
AM_DEFAULT_V='1'
AM_DEFAULT_VERBOSITY='1'
AM_V='1'
AR=''
AS=''
AUTOCONF='${SHELL} /c/Users/iann20/Desktop/SeniorYear/CS5/RDS/LibRaw-0.19.5/missing autoconf'
AUTOHEADER='${SHELL} /c/Users/iann20/Desktop/SeniorYear/CS5/RDS/LibRaw-0.19.5/missing autoheader'
AUTOMAKE='${SHELL} /c/Users/iann20/Desktop/SeniorYear/CS5/RDS/LibRaw-0.19.5/missing automake-1.15'
AWK='gawk'
CC=''
CCDEPMODE=''
CFLAGS=''
CPP=''
CPPFLAGS=''
CXX='g++'
CXXCPP=''
CXXDEPMODE=''
CXXFLAGS=''
CYGPATH_W='cygpath -w'
DEFS=''
DEPDIR=''
DLLTOOL=''
DSYMUTIL=''
DUMPBIN=''
ECHO_C=''
ECHO_N='-n'
ECHO_T=''
EGREP=''
EXAMPLES_FALSE=''
EXAMPLES_TRUE=''
EXEEXT=''
FGREP=''
GREP=''
INSTALL_DATA='${INSTALL} -m 644'
INSTALL_PROGRAM='${INSTALL}'
INSTALL_SCRIPT='${INSTALL}'
INSTALL_STRIP_PROGRAM='$(install_sh) -c -s'
LCMS2_CFLAGS=''
LCMS2_LIBS=''
LCMS_CFLAGS=''
LCMS_LIBS=''
LD=''
LDFLAGS=''
LIBOBJS=''
LIBRAW_RELEASE_VERSION=''
LIBRAW_SHLIB_VERSION=''
LIBS=''
LIBTOOL=''
LIBTOOL_DEPS=''
LIPO=''
LN_S=''
LTLIBOBJS=''
LT_SYS_LIBRARY_PATH=''
MAKEINFO='${SHELL} /c/Users/iann20/Desktop/SeniorYear/CS5/RDS/LibRaw-0.19.5/missing makeinfo'
MANIFEST_TOOL=''
MKDIR_P='/usr/bin/mkdir -p'
NM=''
NMEDIT=''
OBJDUMP=''
OBJEXT=''
OTOOL64=''
OTOOL=''
PACKAGE='libraw'
PACKAGE_BUGREPORT='info@libraw.org'
PACKAGE_NAME='LibRaw'
PACKAGE_REQUIRES=''
PACKAGE_STRING='LibRaw 0.19.5'
PACKAGE_TARNAME='libraw'
PACKAGE_URL='http://www.libraw.org'
PACKAGE_VERSION='0.19.5'
PATH_SEPARATOR=':'
PC_OPENMP=''
PKG_CONFIG=''
PKG_CONFIG_LIBDIR=''
PKG_CONFIG_PATH='/mingw64/lib/pkgconfig:/mingw64/share/pkgconfig'
RANLIB=''
SED=''
SET_MAKE='MAKE=make'
SHELL='/bin/sh'
STRIP=''
VERSION='0.19.5'
ac_ct_AR=''
ac_ct_CC=''
ac_ct_CXX=''
ac_ct_DUMPBIN=''
am__EXEEXT_FALSE=''
am__EXEEXT_TRUE=''
am__fastdepCC_FALSE=''
am__fastdepCC_TRUE=''
am__fastdepCXX_FALSE=''
am__fastdepCXX_TRUE=''
am__include=''
am__isrc=''
am__leading_dot='.'
am__nodep=''
am__quote=''
am__tar='$${TAR-tar} chof - "$$tardir"'
am__untar='$${TAR-tar} xf -'
bindir='${exec_prefix}/bin'
build=''
build_alias=''
build_cpu=''
build_os=''
build_vendor=''
datadir='${datarootdir}'
datarootdir='${prefix}/share'
docdir='${datarootdir}/doc/${PACKAGE_TARNAME}'
dvidir='${docdir}'
exec_prefix='NONE'
host=''
host_alias=''
host_cpu=''
host_os=''
host_vendor=''
htmldir='${docdir}'
includedir='${prefix}/include'
infodir='${datarootdir}/info'
install_sh='${SHELL} /c/Users/iann20/Desktop/SeniorYear/CS5/RDS/LibRaw-0.19.5/install-sh'
libdir='${exec_prefix}/lib'
libexecdir='${exec_prefix}/libexec'
localedir='${datarootdir}/locale'
localstatedir='${prefix}/var'
mandir='${datarootdir}/man'
mkdir_p='$(MKDIR_P)'
oldincludedir='/usr/include'
pdfdir='${docdir}'
prefix='NONE'
program_transform_name='s,x,x,'
psdir='${docdir}'
sbindir='${exec_prefix}/sbin'
sharedstatedir='${prefix}/com'
sysconfdir='${prefix}/etc'
target_alias=''

## ----------- ##
## confdefs.h. ##
## ----------- ##

/* confdefs.h */
#define PACKAGE_NAME "LibRaw"
#define PACKAGE_TARNAME "libraw"
#define PACKAGE_VERSION "0.19.5"
#define PACKAGE_STRING "LibRaw 0.19.5"
#define PACKAGE_BUGREPORT "info@libraw.org"
#define PACKAGE_URL "http://www.libraw.org"

configure: exit 77
